Error: invalid document structure
 In file 'Data/OD_15min/flows_xml/flows_day_1.xml'
 At line/column 2/1.

Quitting (on error).
Initializing SUMO environment...
 Retrying in 1 seconds
Could not connect to TraCI server at localhost:56958 [Errno 61] Connection refused
 Retrying in 1 seconds
Could not connect to TraCI server at localhost:56958 [Errno 61] Connection refused
 Retrying in 1 seconds
Could not connect to TraCI server at localhost:56958 [Errno 61] Connection refused
 Retrying in 1 seconds
Could not connect to TraCI server at localhost:56958 [Errno 61] Connection refused
 Retrying in 1 seconds
Could not connect to TraCI server at localhost:56958 [Errno 61] Connection refused
 Retrying in 1 seconds
Traceback (most recent call last):
  File "/Users/sachin/Desktop/minor_project(1)/minor_project6thSem/train_dqn.py", line 404, in <module>
    train()
  File "/Users/sachin/Desktop/minor_project(1)/minor_project6thSem/train_dqn.py", line 69, in train
    initial_state = env.reset()
                    ^^^^^^^^^^^
  File "/Users/sachin/Desktop/minor_project(1)/minor_project6thSem/sumo_env.py", line 256, in reset
    traci.start(sumo_cmd)
  File "/Library/Frameworks/Python.framework/Versions/3.12/lib/python3.12/site-packages/traci/main.py", line 147, in start
    result = init(sumoPort, numRetries, "localhost", label, sumoProcess, doSwitch, traceFile, traceGetters)
             ^^^^^^^^^^^^^^^^^^^^^^^^^^^^^^^^^^^^^^^^^^^^^^^^^^^^^^^^^^^^^^^^^^^^^^^^^^^^^^^^^^^^^^^^^^^^^^
  File "/Library/Frameworks/Python.framework/Versions/3.12/lib/python3.12/site-packages/traci/main.py", line 119, in init
    return con.getVersion()
           ^^^^^^^^^^^^^^^^
  File "/Library/Frameworks/Python.framework/Versions/3.12/lib/python3.12/site-packages/traci/connection.py", line 383, in getVersion
    result = self._sendCmd(command, None, None)
             ^^^^^^^^^^^^^^^^^^^^^^^^^^^^^^^^^^
  File "/Library/Frameworks/Python.framework/Versions/3.12/lib/python3.12/site-packages/traci/connection.py", line 232, in _sendCmd
    return self._sendExact()
           ^^^^^^^^^^^^^^^^^
  File "/Library/Frameworks/Python.framework/Versions/3.12/lib/python3.12/site-packages/traci/connection.py", line 137, in _sendExact
    raise FatalTraCIError("Connection closed by SUMO.")
traci.exceptions.FatalTraCIError: Connection closed by SUMO.
